GET /
GET /
GET /assets/js/index.js
GET /api/notes
GET /favicon.ico
GET /notes
GET /assets/js/index.js
GET /favicon.ico
GET /notes
GET /assets/js/index.js
GET /favicon.ico
GET /notes
GET /assets/js/index.js
GET /favicon.ico
GET /notes
GET /assets/js/index.js
GET /favicon.ico
GET /notes
GET /
GET /assets/js/index.js
GET /api/notes
GET /favicon.ico
GET /notes
GET /notes
GET /assets/css/styles.css
GET /assets/js/index.js
GET /api/notes
GET /notes
GET /assets/css/styles.css
GET /assets/js/index.js
GET /api/notes
GET /
GET /assets/js/index.js
GET /api/notes
GET /
GET /assets/js/index.js
GET /api/notes
GET /notes
GET /assets/css/styles.css
GET /assets/js/index.js
GET /api/notes
POST /api/notes
GET /api/notes
GET /
GET /assets/js/index.js
GET /api/notes
GET /
GET /assets/js/index.js
GET /api/notes
GET /notes
GET /assets/css/styles.css
GET /assets/js/index.js
GET /api/notes
GET /assets/css/styles.css
GET /notes
GET /assets/css/styles.css
GET /assets/js/index.js
GET /api/notes
GET /notes
GET /assets/css/styles.css
GET /assets/js/index.js
GET /api/notes
GET /notes
GET /assets/css/styles.css
GET /assets/js/index.js
GET /api/notes
GET /notes
GET /assets/css/styles.css
GET /assets/js/index.js
GET /api/notes
GET /notes
GET /assets/css/styles.css
GET /assets/js/index.js
GET /api/notes
GET /assets/css/styles.css
GET /assets/js/index.js
GET /api/notes
GET /
GET /assets/js/index.js
GET /api/notes
GET /favicon.ico
GET /notes
GET /assets/css/styles.css
GET /assets/js/index.js
GET /api/notes
GET /assets/css/styles.css
GET /notes
GET /assets/css/styles.css
GET /assets/js/index.js
GET /api/notes
GET /notes
GET /assets/css/styles.css
GET /assets/js/index.js
GET /api/notes
GET /
GET /assets/js/index.js
GET /api/notes
GET /notes
GET /assets/css/styles.css
GET /assets/js/index.js
GET /api/notes
GET /notes
GET /assets/css/styles.css
GET /assets/js/index.js
GET /api/notes
GET /notes
GET /assets/css/styles.css
GET /assets/js/index.js
GET /api/notes
GET /notes
GET /assets/css/styles.css
GET /assets/js/index.js
GET /api/notes
GET /notes
GET /assets/css/styles.css
GET /assets/js/index.js
GET /api/notes
GET /notes
GET /assets/css/styles.css
GET /assets/js/index.js
GET /api/notes
GET /notes
GET /assets/js/index.js
GET /assets/css/styles.css
GET /api/notes
GET /notes
GET /assets/css/styles.css
GET /assets/js/index.js
GET /api/notes
GET /notes
GET /assets/css/styles.css
GET /assets/js/index.js
GET /api/notes
GET /notes
GET /assets/css/styles.css
GET /assets/js/index.js
GET /api/notes
POST /api/notes
GET /api/notes
GET /notes
GET /assets/css/styles.css
GET /assets/js/index.js
GET /api/notes
POST /api/notes
POST /api/notes
POST /api/notes
POST /api/notes
GET /notes
GET /assets/css/styles.css
GET /assets/js/index.js
GET /api/notes
POST /api/notes
GET /
GET /assets/js/index.js
GET /api/notes
GET /notes
GET /assets/css/styles.css
GET /assets/js/index.js
GET /api/notes
POST /api/notes
POST /api/notes
POST /api/notes
GET /notes
GET /assets/css/styles.css
GET /assets/js/index.js
GET /api/notes
POST /api/notes
GET /api/notes
GET /notes
GET /assets/css/styles.css
GET /assets/js/index.js
GET /api/notes
POST /api/notes
GET /api/notes
GET /notes
GET /assets/css/styles.css
GET /assets/js/index.js
GET /api/notes
POST /api/notes
GET /notes
GET /assets/css/styles.css
GET /assets/js/index.js
GET /api/notes
POST /api/notes
GET /notes
GET /assets/css/styles.css
GET /assets/js/index.js
GET /api/notes
POST /api/notes
GET /notes
GET /assets/css/styles.css
GET /assets/js/index.js
GET /api/notes
POST /api/notes
GET /notes
GET /assets/css/styles.css
GET /assets/js/index.js
GET /api/notes
POST /api/notes
GET /notes
GET /assets/css/styles.css
GET /assets/js/index.js
GET /api/notes
GET /notes
GET /assets/css/styles.css
GET /assets/js/index.js
GET /api/notes
GET /notes
GET /assets/css/styles.css
GET /assets/js/index.js
GET /api/notes
GET /assets/css/styles.css
POST /api/notes
GET /notes
GET /assets/css/styles.css
GET /assets/js/index.js
GET /api/notes
POST /api/notes
GET /notes
GET /assets/css/styles.css
GET /assets/js/index.js
GET /api/notes
POST /api/notes
GET /notes
GET /assets/css/styles.css
GET /assets/js/index.js
GET /api/notes
POST /api/notes
GET /api/notes
DELETE /api/notes/id
GET /api/notes
DELETE /api/notes/id
GET /api/notes
GET /notes
GET /assets/css/styles.css
GET /assets/js/index.js
GET /api/notes
DELETE /api/notes/id
DELETE /api/notes/id
DELETE /api/notes/id
DELETE /api/notes/id
DELETE /api/notes/id
DELETE /api/notes/id
GET /notes
GET /assets/css/styles.css
GET /assets/js/index.js
GET /api/notes
DELETE /api/notes/id
DELETE /api/notes/id
GET /notes
GET /assets/css/styles.css
GET /assets/js/index.js
GET /api/notes
DELETE /api/notes/id
DELETE /api/notes/id
GET /notes
GET /assets/css/styles.css
GET /assets/js/index.js
GET /api/notes
GET /notes
GET /assets/css/styles.css
GET /assets/js/index.js
GET /api/notes
POST /api/notes
GET /api/notes
POST /api/notes
GET /api/notes
GET /notes
GET /assets/css/styles.css
GET /assets/js/index.js
GET /api/notes
POST /api/notes
GET /api/notes
POST /api/notes
GET /api/notes
GET /notes
GET /assets/css/styles.css
GET /assets/js/index.js
GET /api/notes
GET /notes
GET /assets/css/styles.css
GET /assets/js/index.js
GET /api/notes
POST /api/notes
GET /api/notes
POST /api/notes
GET /api/notes
GET /notes
GET /assets/css/styles.css
GET /assets/js/index.js
GET /api/notes
DELETE /api/notes/0
DELETE /api/notes/0
DELETE /api/notes/1
DELETE /api/notes/0
DELETE /api/notes/0
DELETE /api/notes/1
DELETE /api/notes/0
GET /notes
GET /assets/css/styles.css
GET /assets/js/index.js
GET /api/notes
DELETE /api/notes/0
DELETE /api/notes/1
GET /notes
GET /assets/css/styles.css
GET /assets/js/index.js
GET /api/notes
DELETE /api/notes/0
GET /api/notes
GET /notes
GET /assets/css/styles.css
GET /assets/js/index.js
GET /api/notes
POST /api/notes
GET /api/notes
POST /api/notes
GET /api/notes
POST /api/notes
GET /api/notes
POST /api/notes
GET /api/notes
POST /api/notes
GET /api/notes
DELETE /api/notes/0
GET /api/notes
DELETE /api/notes/0
GET /api/notes
DELETE /api/notes/2
GET /api/notes
DELETE /api/notes/0
GET /api/notes
DELETE /api/notes/0
GET /api/notes
POST /api/notes
GET /api/notes
POST /api/notes
GET /api/notes
DELETE /api/notes/1
GET /api/notes
